2023/07/25 20:22:39 [notice] 1#1: using the "epoll" event method
2023/07/25 20:22:39 [notice] 1#1: nginx/1.25.1
2023/07/25 20:22:39 [notice] 1#1: built by gcc 12.2.0 (Debian 12.2.0-14) 
2023/07/25 20:22:39 [notice] 1#1: OS: Linux 5.19.0-46-generic
2023/07/25 20:22:39 [notice] 1#1: getrlimit(RLIMIT_NOFILE): 1048576:1048576
2023/07/25 20:22:39 [notice] 1#1: start worker processes
2023/07/25 20:22:39 [notice] 1#1: start worker process 28
2023/07/25 20:22:39 [notice] 1#1: start worker process 29
2023/07/25 20:22:39 [notice] 1#1: start worker process 30
2023/07/25 20:22:39 [notice] 1#1: start worker process 31
2023/07/25 20:22:39 [notice] 1#1: start worker process 32
2023/07/25 20:22:39 [notice] 1#1: start worker process 33
2023/07/25 20:22:39 [notice] 1#1: start worker process 34
2023/07/25 20:22:39 [notice] 1#1: start worker process 35
2023/07/25 20:22:39 [notice] 1#1: start worker process 36
2023/07/25 20:22:39 [notice] 1#1: start worker process 37
2023/07/25 20:22:39 [notice] 1#1: start worker process 38
2023/07/25 20:22:39 [notice] 1#1: start worker process 39
2023/07/25 20:22:39 [notice] 1#1: start worker process 40
2023/07/25 20:22:39 [notice] 1#1: start worker process 41
2023/07/25 20:22:39 [notice] 1#1: start worker process 42
2023/07/25 20:22:39 [notice] 1#1: start worker process 43
2023/07/25 20:22:58 [error] 28#28: *2 open() "/usr/share/nginx/html/favicon.ico" failed (2: No such file or directory), client: 192.168.86.49, server: , request: "GET /favicon.ico HTTP/1.1", host: "sparrow.lan:8080", referrer: "http://sparrow.lan:8080/"
2023/07/25 20:23:15 [error] 28#28: *2 connect() failed (111: Connection refused) while connecting to upstream, client: 192.168.86.49, server: , request: "GET /scanner HTTP/1.1", upstream: "http://127.0.0.1:3000/scanner", host: "sparrow.lan:8080"
2023/07/25 20:23:15 [warn] 28#28: *2 upstream server temporarily disabled while connecting to upstream, client: 192.168.86.49, server: , request: "GET /scanner HTTP/1.1", upstream: "http://127.0.0.1:3000/scanner", host: "sparrow.lan:8080"
2023/07/25 20:23:15 [error] 28#28: *2 connect() failed (111: Connection refused) while connecting to upstream, client: 192.168.86.49, server: , request: "GET /scanner HTTP/1.1", upstream: "http://127.0.0.1:3000/scanner", host: "sparrow.lan:8080"
2023/07/25 20:23:15 [warn] 28#28: *2 upstream server temporarily disabled while connecting to upstream, client: 192.168.86.49, server: , request: "GET /scanner HTTP/1.1", upstream: "http://127.0.0.1:3000/scanner", host: "sparrow.lan:8080"
2023/07/25 20:24:03 [notice] 1#1: signal 3 (SIGQUIT) received, shutting down
2023/07/25 20:24:03 [notice] 28#28: gracefully shutting down
2023/07/25 20:24:03 [notice] 30#30: gracefully shutting down
2023/07/25 20:24:03 [notice] 31#31: gracefully shutting down
2023/07/25 20:24:03 [notice] 29#29: gracefully shutting down
2023/07/25 20:24:03 [notice] 33#33: gracefully shutting down
2023/07/25 20:24:03 [notice] 30#30: exiting
2023/07/25 20:24:03 [notice] 32#32: gracefully shutting down
2023/07/25 20:24:03 [notice] 31#31: exiting
2023/07/25 20:24:03 [notice] 29#29: exiting
2023/07/25 20:24:03 [notice] 33#33: exiting
2023/07/25 20:24:03 [notice] 34#34: gracefully shutting down
2023/07/25 20:24:03 [notice] 32#32: exiting
2023/07/25 20:24:03 [notice] 41#41: gracefully shutting down
2023/07/25 20:24:03 [notice] 42#42: gracefully shutting down
2023/07/25 20:24:03 [notice] 34#34: exiting
2023/07/25 20:24:03 [notice] 31#31: exit
2023/07/25 20:24:03 [notice] 30#30: exit
2023/07/25 20:24:03 [notice] 41#41: exiting
2023/07/25 20:24:03 [notice] 33#33: exit
2023/07/25 20:24:03 [notice] 42#42: exiting
2023/07/25 20:24:03 [notice] 32#32: exit
2023/07/25 20:24:03 [notice] 29#29: exit
2023/07/25 20:24:03 [notice] 28#28: exiting
2023/07/25 20:24:03 [notice] 34#34: exit
2023/07/25 20:24:03 [notice] 28#28: exit
2023/07/25 20:24:03 [notice] 41#41: exit
2023/07/25 20:24:03 [notice] 42#42: exit
2023/07/25 20:24:03 [notice] 36#36: gracefully shutting down
2023/07/25 20:24:03 [notice] 36#36: exiting
2023/07/25 20:24:03 [notice] 36#36: exit
2023/07/25 20:24:03 [notice] 43#43: gracefully shutting down
2023/07/25 20:24:03 [notice] 38#38: gracefully shutting down
2023/07/25 20:24:03 [notice] 43#43: exiting
2023/07/25 20:24:03 [notice] 38#38: exiting
2023/07/25 20:24:03 [notice] 43#43: exit
2023/07/25 20:24:03 [notice] 38#38: exit
2023/07/25 20:24:03 [notice] 40#40: gracefully shutting down
2023/07/25 20:24:03 [notice] 40#40: exiting
2023/07/25 20:24:03 [notice] 39#39: gracefully shutting down
2023/07/25 20:24:03 [notice] 37#37: gracefully shutting down
2023/07/25 20:24:03 [notice] 35#35: gracefully shutting down
2023/07/25 20:24:03 [notice] 39#39: exiting
2023/07/25 20:24:03 [notice] 40#40: exit
2023/07/25 20:24:03 [notice] 37#37: exiting
2023/07/25 20:24:03 [notice] 35#35: exiting
2023/07/25 20:24:03 [notice] 39#39: exit
2023/07/25 20:24:03 [notice] 35#35: exit
2023/07/25 20:24:03 [notice] 37#37: exit
2023/07/25 20:24:03 [notice] 1#1: signal 17 (SIGCHLD) received from 43
2023/07/25 20:24:03 [notice] 1#1: worker process 29 exited with code 0
2023/07/25 20:24:03 [notice] 1#1: worker process 43 exited with code 0
2023/07/25 20:24:03 [notice] 1#1: signal 29 (SIGIO) received
2023/07/25 20:24:03 [notice] 1#1: signal 17 (SIGCHLD) received from 29
2023/07/25 20:24:03 [notice] 1#1: worker process 37 exited with code 0
2023/07/25 20:24:03 [notice] 1#1: signal 29 (SIGIO) received
2023/07/25 20:24:03 [notice] 1#1: signal 17 (SIGCHLD) received from 39
2023/07/25 20:24:03 [notice] 1#1: worker process 39 exited with code 0
2023/07/25 20:24:03 [notice] 1#1: signal 29 (SIGIO) received
2023/07/25 20:24:03 [notice] 1#1: signal 17 (SIGCHLD) received from 42
2023/07/25 20:24:03 [notice] 1#1: worker process 41 exited with code 0
2023/07/25 20:24:03 [notice] 1#1: worker process 42 exited with code 0
2023/07/25 20:24:03 [notice] 1#1: signal 29 (SIGIO) received
2023/07/25 20:24:03 [notice] 1#1: signal 17 (SIGCHLD) received from 41
2023/07/25 20:24:03 [notice] 1#1: signal 17 (SIGCHLD) received from 38
2023/07/25 20:24:03 [notice] 1#1: worker process 38 exited with code 0
2023/07/25 20:24:03 [notice] 1#1: signal 29 (SIGIO) received
2023/07/25 20:24:03 [notice] 1#1: signal 17 (SIGCHLD) received from 32
2023/07/25 20:24:03 [notice] 1#1: worker process 32 exited with code 0
2023/07/25 20:24:03 [notice] 1#1: signal 29 (SIGIO) received
2023/07/25 20:24:03 [notice] 1#1: signal 17 (SIGCHLD) received from 33
2023/07/25 20:24:03 [notice] 1#1: worker process 33 exited with code 0
2023/07/25 20:24:03 [notice] 1#1: worker process 34 exited with code 0
2023/07/25 20:24:03 [notice] 1#1: signal 29 (SIGIO) received
2023/07/25 20:24:03 [notice] 1#1: signal 17 (SIGCHLD) received from 40
2023/07/25 20:24:03 [notice] 1#1: worker process 40 exited with code 0
2023/07/25 20:24:03 [notice] 1#1: signal 29 (SIGIO) received
2023/07/25 20:24:03 [notice] 1#1: signal 17 (SIGCHLD) received from 28
2023/07/25 20:24:03 [notice] 1#1: worker process 28 exited with code 0
2023/07/25 20:24:03 [notice] 1#1: worker process 30 exited with code 0
2023/07/25 20:24:03 [notice] 1#1: worker process 31 exited with code 0
2023/07/25 20:24:03 [notice] 1#1: signal 29 (SIGIO) received
2023/07/25 20:24:03 [notice] 1#1: signal 17 (SIGCHLD) received from 31
2023/07/25 20:24:03 [notice] 1#1: signal 17 (SIGCHLD) received from 36
2023/07/25 20:24:03 [notice] 1#1: worker process 36 exited with code 0
2023/07/25 20:24:03 [notice] 1#1: signal 29 (SIGIO) received
2023/07/25 20:24:03 [notice] 1#1: signal 17 (SIGCHLD) received from 35
2023/07/25 20:24:03 [notice] 1#1: worker process 35 exited with code 0
2023/07/25 20:24:03 [notice] 1#1: exit
2023/07/25 20:24:18 [notice] 1#1: using the "epoll" event method
2023/07/25 20:24:18 [notice] 1#1: nginx/1.25.1
2023/07/25 20:24:18 [notice] 1#1: built by gcc 12.2.0 (Debian 12.2.0-14) 
2023/07/25 20:24:18 [notice] 1#1: OS: Linux 5.19.0-46-generic
2023/07/25 20:24:18 [notice] 1#1: getrlimit(RLIMIT_NOFILE): 1048576:1048576
2023/07/25 20:24:18 [notice] 1#1: start worker processes
2023/07/25 20:24:18 [notice] 1#1: start worker process 28
2023/07/25 20:24:18 [notice] 1#1: start worker process 29
2023/07/25 20:24:18 [notice] 1#1: start worker process 30
2023/07/25 20:24:18 [notice] 1#1: start worker process 31
2023/07/25 20:24:18 [notice] 1#1: start worker process 32
2023/07/25 20:24:18 [notice] 1#1: start worker process 33
2023/07/25 20:24:18 [notice] 1#1: start worker process 34
2023/07/25 20:24:18 [notice] 1#1: start worker process 35
2023/07/25 20:24:18 [notice] 1#1: start worker process 36
2023/07/25 20:24:18 [notice] 1#1: start worker process 37
2023/07/25 20:24:18 [notice] 1#1: start worker process 38
2023/07/25 20:24:18 [notice] 1#1: start worker process 39
2023/07/25 20:24:18 [notice] 1#1: start worker process 40
2023/07/25 20:24:18 [notice] 1#1: start worker process 41
2023/07/25 20:24:18 [notice] 1#1: start worker process 42
2023/07/25 20:24:18 [notice] 1#1: start worker process 43
2023/07/25 20:24:21 [error] 28#28: *1 open() "/usr/share/nginx/html/runtime.ecd9d31522b11cb1.js" failed (2: No such file or directory), client: 192.168.86.49, server: , request: "GET /runtime.ecd9d31522b11cb1.js HTTP/1.1", host: "sparrow.lan:8080", referrer: "http://sparrow.lan:8080/scanner"
2023/07/25 20:24:21 [error] 28#28: *3 open() "/usr/share/nginx/html/styles.ba2396d54716efa5.css" failed (2: No such file or directory), client: 192.168.86.49, server: , request: "GET /styles.ba2396d54716efa5.css HTTP/1.1", host: "sparrow.lan:8080", referrer: "http://sparrow.lan:8080/scanner"
2023/07/25 20:24:21 [error] 28#28: *3 open() "/usr/share/nginx/html/polyfills.0aa9d91f61049a43.js" failed (2: No such file or directory), client: 192.168.86.49, server: , request: "GET /polyfills.0aa9d91f61049a43.js HTTP/1.1", host: "sparrow.lan:8080", referrer: "http://sparrow.lan:8080/scanner"
2023/07/25 20:24:21 [error] 28#28: *1 open() "/usr/share/nginx/html/main.be3cde93dccb84d2.js" failed (2: No such file or directory), client: 192.168.86.49, server: , request: "GET /main.be3cde93dccb84d2.js HTTP/1.1", host: "sparrow.lan:8080", referrer: "http://sparrow.lan:8080/scanner"
2023/07/25 20:24:21 [error] 30#30: *4 open() "/usr/share/nginx/html/roboto-latin-w400-v29.7b8d7718ba08bc7d.woff2" failed (2: No such file or directory), client: 192.168.86.49, server: , request: "GET /roboto-latin-w400-v29.7b8d7718ba08bc7d.woff2 HTTP/1.1", host: "sparrow.lan:8080", referrer: "http://sparrow.lan:8080/scanner"
2023/07/25 20:24:28 [error] 30#30: *4 open() "/usr/share/nginx/html/styles.ba2396d54716efa5.css" failed (2: No such file or directory), client: 192.168.86.49, server: , request: "GET /styles.ba2396d54716efa5.css HTTP/1.1", host: "sparrow.lan:8080", referrer: "http://sparrow.lan:8080/scanner"
2023/07/25 20:24:28 [error] 32#32: *7 open() "/usr/share/nginx/html/manifest.webmanifest" failed (2: No such file or directory), client: 192.168.86.49, server: , request: "GET /manifest.webmanifest HTTP/1.1", host: "sparrow.lan:8080", referrer: "http://sparrow.lan:8080/scanner"
2023/07/25 20:24:41 [error] 30#30: *4 open() "/usr/share/nginx/html/runtime.ecd9d31522b11cb1.js" failed (2: No such file or directory), client: 192.168.86.49, server: , request: "GET /runtime.ecd9d31522b11cb1.js HTTP/1.1", host: "sparrow.lan:8080", referrer: "http://sparrow.lan:8080/scanner"
2023/07/25 20:24:41 [error] 28#28: *1 open() "/usr/share/nginx/html/main.be3cde93dccb84d2.js" failed (2: No such file or directory), client: 192.168.86.49, server: , request: "GET /main.be3cde93dccb84d2.js HTTP/1.1", host: "sparrow.lan:8080", referrer: "http://sparrow.lan:8080/scanner"
2023/07/25 20:24:41 [error] 28#28: *3 open() "/usr/share/nginx/html/polyfills.0aa9d91f61049a43.js" failed (2: No such file or directory), client: 192.168.86.49, server: , request: "GET /polyfills.0aa9d91f61049a43.js HTTP/1.1", host: "sparrow.lan:8080", referrer: "http://sparrow.lan:8080/scanner"
2023/07/25 20:24:41 [error] 28#28: *3 open() "/usr/share/nginx/html/styles.ba2396d54716efa5.css" failed (2: No such file or directory), client: 192.168.86.49, server: , request: "GET /styles.ba2396d54716efa5.css HTTP/1.1", host: "sparrow.lan:8080", referrer: "http://sparrow.lan:8080/scanner"
2023/07/25 20:24:41 [error] 28#28: *3 open() "/usr/share/nginx/html/roboto-latin-w400-v29.7b8d7718ba08bc7d.woff2" failed (2: No such file or directory), client: 192.168.86.49, server: , request: "GET /roboto-latin-w400-v29.7b8d7718ba08bc7d.woff2 HTTP/1.1", host: "sparrow.lan:8080", referrer: "http://sparrow.lan:8080/scanner"
2023/07/25 20:49:33 [notice] 1#1: signal 3 (SIGQUIT) received, shutting down
2023/07/25 20:49:33 [notice] 28#28: gracefully shutting down
2023/07/25 20:49:33 [notice] 31#31: gracefully shutting down
2023/07/25 20:49:33 [notice] 30#30: gracefully shutting down
2023/07/25 20:49:33 [notice] 29#29: gracefully shutting down
2023/07/25 20:49:33 [notice] 32#32: gracefully shutting down
2023/07/25 20:49:33 [notice] 33#33: gracefully shutting down
2023/07/25 20:49:33 [notice] 31#31: exiting
2023/07/25 20:49:33 [notice] 28#28: exiting
2023/07/25 20:49:33 [notice] 30#30: exiting
2023/07/25 20:49:33 [notice] 36#36: gracefully shutting down
2023/07/25 20:49:33 [notice] 29#29: exiting
2023/07/25 20:49:33 [notice] 34#34: gracefully shutting down
2023/07/25 20:49:33 [notice] 32#32: exiting
2023/07/25 20:49:33 [notice] 33#33: exiting
2023/07/25 20:49:33 [notice] 36#36: exiting
2023/07/25 20:49:33 [notice] 37#37: gracefully shutting down
2023/07/25 20:49:33 [notice] 40#40: gracefully shutting down
2023/07/25 20:49:33 [notice] 34#34: exiting
2023/07/25 20:49:33 [notice] 28#28: exit
2023/07/25 20:49:33 [notice] 30#30: exit
2023/07/25 20:49:33 [notice] 31#31: exit
2023/07/25 20:49:33 [notice] 32#32: exit
2023/07/25 20:49:33 [notice] 33#33: exit
2023/07/25 20:49:33 [notice] 29#29: exit
2023/07/25 20:49:33 [notice] 37#37: exiting
2023/07/25 20:49:33 [notice] 38#38: gracefully shutting down
2023/07/25 20:49:33 [notice] 40#40: exiting
2023/07/25 20:49:33 [notice] 36#36: exit
2023/07/25 20:49:33 [notice] 38#38: exiting
2023/07/25 20:49:33 [notice] 34#34: exit
2023/07/25 20:49:33 [notice] 37#37: exit
2023/07/25 20:49:33 [notice] 40#40: exit
2023/07/25 20:49:33 [notice] 38#38: exit
2023/07/25 20:49:33 [notice] 39#39: gracefully shutting down
2023/07/25 20:49:33 [notice] 39#39: exiting
2023/07/25 20:49:33 [notice] 39#39: exit
2023/07/25 20:49:33 [notice] 41#41: gracefully shutting down
2023/07/25 20:49:33 [notice] 41#41: exiting
2023/07/25 20:49:33 [notice] 41#41: exit
2023/07/25 20:49:33 [notice] 42#42: gracefully shutting down
2023/07/25 20:49:33 [notice] 42#42: exiting
2023/07/25 20:49:33 [notice] 42#42: exit
2023/07/25 20:49:33 [notice] 43#43: gracefully shutting down
2023/07/25 20:49:33 [notice] 43#43: exiting
2023/07/25 20:49:33 [notice] 43#43: exit
2023/07/25 20:49:33 [notice] 35#35: gracefully shutting down
2023/07/25 20:49:33 [notice] 35#35: exiting
2023/07/25 20:49:33 [notice] 35#35: exit
2023/07/25 20:49:33 [notice] 1#1: signal 17 (SIGCHLD) received from 40
2023/07/25 20:49:33 [notice] 1#1: worker process 40 exited with code 0
2023/07/25 20:49:33 [notice] 1#1: signal 29 (SIGIO) received
2023/07/25 20:49:33 [notice] 1#1: signal 17 (SIGCHLD) received from 31
2023/07/25 20:49:33 [notice] 1#1: worker process 31 exited with code 0
2023/07/25 20:49:33 [notice] 1#1: signal 29 (SIGIO) received
2023/07/25 20:49:33 [notice] 1#1: signal 17 (SIGCHLD) received from 34
2023/07/25 20:49:33 [notice] 1#1: worker process 34 exited with code 0
2023/07/25 20:49:33 [notice] 1#1: signal 29 (SIGIO) received
2023/07/25 20:49:33 [notice] 1#1: signal 17 (SIGCHLD) received from 33
2023/07/25 20:49:33 [notice] 1#1: worker process 33 exited with code 0
2023/07/25 20:49:33 [notice] 1#1: signal 29 (SIGIO) received
2023/07/25 20:49:33 [notice] 1#1: signal 17 (SIGCHLD) received from 29
2023/07/25 20:49:33 [notice] 1#1: worker process 29 exited with code 0
2023/07/25 20:49:33 [notice] 1#1: signal 29 (SIGIO) received
2023/07/25 20:49:33 [notice] 1#1: signal 17 (SIGCHLD) received from 37
2023/07/25 20:49:33 [notice] 1#1: worker process 37 exited with code 0
2023/07/25 20:49:33 [notice] 1#1: worker process 41 exited with code 0
2023/07/25 20:49:33 [notice] 1#1: signal 29 (SIGIO) received
2023/07/25 20:49:33 [notice] 1#1: signal 17 (SIGCHLD) received from 42
2023/07/25 20:49:33 [notice] 1#1: worker process 42 exited with code 0
2023/07/25 20:49:33 [notice] 1#1: signal 29 (SIGIO) received
2023/07/25 20:49:33 [notice] 1#1: signal 17 (SIGCHLD) received from 28
2023/07/25 20:49:33 [notice] 1#1: worker process 28 exited with code 0
2023/07/25 20:49:33 [notice] 1#1: signal 29 (SIGIO) received
2023/07/25 20:49:33 [notice] 1#1: signal 17 (SIGCHLD) received from 35
2023/07/25 20:49:33 [notice] 1#1: worker process 35 exited with code 0
2023/07/25 20:49:33 [notice] 1#1: signal 29 (SIGIO) received
2023/07/25 20:49:33 [notice] 1#1: signal 17 (SIGCHLD) received from 36
2023/07/25 20:49:33 [notice] 1#1: worker process 36 exited with code 0
2023/07/25 20:49:33 [notice] 1#1: signal 29 (SIGIO) received
2023/07/25 20:49:33 [notice] 1#1: signal 17 (SIGCHLD) received from 32
2023/07/25 20:49:33 [notice] 1#1: worker process 32 exited with code 0
2023/07/25 20:49:33 [notice] 1#1: signal 29 (SIGIO) received
2023/07/25 20:49:33 [notice] 1#1: signal 17 (SIGCHLD) received from 39
2023/07/25 20:49:33 [notice] 1#1: worker process 39 exited with code 0
2023/07/25 20:49:33 [notice] 1#1: signal 29 (SIGIO) received
2023/07/25 20:49:33 [notice] 1#1: signal 17 (SIGCHLD) received from 43
2023/07/25 20:49:33 [notice] 1#1: worker process 43 exited with code 0
2023/07/25 20:49:33 [notice] 1#1: signal 29 (SIGIO) received
2023/07/25 20:49:33 [notice] 1#1: signal 17 (SIGCHLD) received from 38
2023/07/25 20:49:33 [notice] 1#1: worker process 38 exited with code 0
2023/07/25 20:49:33 [notice] 1#1: signal 17 (SIGCHLD) received from 30
2023/07/25 20:49:33 [notice] 1#1: worker process 30 exited with code 0
2023/07/25 20:49:33 [notice] 1#1: exit
2023/07/25 20:49:37 [notice] 1#1: using the "epoll" event method
2023/07/25 20:49:37 [notice] 1#1: nginx/1.25.1
2023/07/25 20:49:37 [notice] 1#1: built by gcc 12.2.0 (Debian 12.2.0-14) 
2023/07/25 20:49:37 [notice] 1#1: OS: Linux 5.19.0-46-generic
2023/07/25 20:49:37 [notice] 1#1: getrlimit(RLIMIT_NOFILE): 1048576:1048576
2023/07/25 20:49:37 [notice] 1#1: start worker processes
2023/07/25 20:49:37 [notice] 1#1: start worker process 28
2023/07/25 20:49:37 [notice] 1#1: start worker process 29
2023/07/25 20:49:37 [notice] 1#1: start worker process 30
2023/07/25 20:49:37 [notice] 1#1: start worker process 31
2023/07/25 20:49:37 [notice] 1#1: start worker process 32
2023/07/25 20:49:37 [notice] 1#1: start worker process 33
2023/07/25 20:49:37 [notice] 1#1: start worker process 34
2023/07/25 20:49:37 [notice] 1#1: start worker process 35
2023/07/25 20:49:37 [notice] 1#1: start worker process 36
2023/07/25 20:49:37 [notice] 1#1: start worker process 37
2023/07/25 20:49:37 [notice] 1#1: start worker process 38
2023/07/25 20:49:37 [notice] 1#1: start worker process 39
2023/07/25 20:49:37 [notice] 1#1: start worker process 40
2023/07/25 20:49:37 [notice] 1#1: start worker process 41
2023/07/25 20:49:37 [notice] 1#1: start worker process 42
2023/07/25 20:49:37 [notice] 1#1: start worker process 43
2023/07/25 20:49:42 [error] 29#29: *2 open() "/usr/share/nginx/html/runtime.ecd9d31522b11cb1.js" failed (2: No such file or directory), client: 192.168.86.49, server: , request: "GET /runtime.ecd9d31522b11cb1.js HTTP/1.1", host: "sparrow.lan:8080", referrer: "http://sparrow.lan:8080/scanner"
2023/07/25 20:49:42 [error] 28#28: *1 open() "/usr/share/nginx/html/polyfills.0aa9d91f61049a43.js" failed (2: No such file or directory), client: 192.168.86.49, server: , request: "GET /polyfills.0aa9d91f61049a43.js HTTP/1.1", host: "sparrow.lan:8080", referrer: "http://sparrow.lan:8080/scanner"
2023/07/25 20:49:42 [error] 30#30: *4 open() "/usr/share/nginx/html/main.be3cde93dccb84d2.js" failed (2: No such file or directory), client: 192.168.86.49, server: , request: "GET /main.be3cde93dccb84d2.js HTTP/1.1", host: "sparrow.lan:8080", referrer: "http://sparrow.lan:8080/scanner"
2023/07/25 20:49:42 [error] 30#30: *4 open() "/usr/share/nginx/html/styles.ba2396d54716efa5.css" failed (2: No such file or directory), client: 192.168.86.49, server: , request: "GET /styles.ba2396d54716efa5.css HTTP/1.1", host: "sparrow.lan:8080", referrer: "http://sparrow.lan:8080/scanner"
2023/07/25 20:49:42 [error] 30#30: *4 open() "/usr/share/nginx/html/roboto-latin-w400-v29.7b8d7718ba08bc7d.woff2" failed (2: No such file or directory), client: 192.168.86.49, server: , request: "GET /roboto-latin-w400-v29.7b8d7718ba08bc7d.woff2 HTTP/1.1", host: "sparrow.lan:8080", referrer: "http://sparrow.lan:8080/scanner"
2023/07/25 21:45:51 [notice] 1#1: signal 3 (SIGQUIT) received, shutting down
2023/07/25 21:45:51 [notice] 28#28: gracefully shutting down
2023/07/25 21:45:51 [notice] 29#29: gracefully shutting down
2023/07/25 21:45:51 [notice] 30#30: gracefully shutting down
2023/07/25 21:45:51 [notice] 28#28: exiting
2023/07/25 21:45:51 [notice] 33#33: gracefully shutting down
2023/07/25 21:45:51 [notice] 32#32: gracefully shutting down
2023/07/25 21:45:51 [notice] 31#31: gracefully shutting down
2023/07/25 21:45:51 [notice] 34#34: gracefully shutting down
2023/07/25 21:45:51 [notice] 29#29: exiting
2023/07/25 21:45:51 [notice] 30#30: exiting
2023/07/25 21:45:51 [notice] 33#33: exiting
2023/07/25 21:45:51 [notice] 35#35: gracefully shutting down
2023/07/25 21:45:51 [notice] 32#32: exiting
2023/07/25 21:45:51 [notice] 31#31: exiting
2023/07/25 21:45:51 [notice] 34#34: exiting
2023/07/25 21:45:51 [notice] 42#42: gracefully shutting down
2023/07/25 21:45:51 [notice] 36#36: gracefully shutting down
2023/07/25 21:45:51 [notice] 35#35: exiting
2023/07/25 21:45:51 [notice] 28#28: exit
2023/07/25 21:45:51 [notice] 42#42: exiting
2023/07/25 21:45:51 [notice] 30#30: exit
2023/07/25 21:45:51 [notice] 29#29: exit
2023/07/25 21:45:51 [notice] 36#36: exiting
2023/07/25 21:45:51 [notice] 33#33: exit
2023/07/25 21:45:51 [notice] 31#31: exit
2023/07/25 21:45:51 [notice] 32#32: exit
2023/07/25 21:45:51 [notice] 35#35: exit
2023/07/25 21:45:51 [notice] 34#34: exit
2023/07/25 21:45:51 [notice] 42#42: exit
2023/07/25 21:45:51 [notice] 36#36: exit
2023/07/25 21:45:51 [notice] 37#37: gracefully shutting down
2023/07/25 21:45:51 [notice] 38#38: gracefully shutting down
2023/07/25 21:45:51 [notice] 37#37: exiting
2023/07/25 21:45:51 [notice] 38#38: exiting
2023/07/25 21:45:51 [notice] 37#37: exit
2023/07/25 21:45:51 [notice] 38#38: exit
2023/07/25 21:45:51 [notice] 39#39: gracefully shutting down
2023/07/25 21:45:51 [notice] 39#39: exiting
2023/07/25 21:45:51 [notice] 39#39: exit
2023/07/25 21:45:51 [notice] 40#40: gracefully shutting down
2023/07/25 21:45:51 [notice] 41#41: gracefully shutting down
2023/07/25 21:45:51 [notice] 40#40: exiting
2023/07/25 21:45:51 [notice] 41#41: exiting
2023/07/25 21:45:51 [notice] 40#40: exit
2023/07/25 21:45:51 [notice] 41#41: exit
2023/07/25 21:45:51 [notice] 43#43: gracefully shutting down
2023/07/25 21:45:51 [notice] 43#43: exiting
2023/07/25 21:45:51 [notice] 43#43: exit
2023/07/25 21:45:51 [notice] 1#1: signal 17 (SIGCHLD) received from 37
2023/07/25 21:45:51 [notice] 1#1: worker process 37 exited with code 0
2023/07/25 21:45:51 [notice] 1#1: signal 29 (SIGIO) received
2023/07/25 21:45:51 [notice] 1#1: signal 17 (SIGCHLD) received from 29
2023/07/25 21:45:51 [notice] 1#1: worker process 29 exited with code 0
2023/07/25 21:45:51 [notice] 1#1: signal 29 (SIGIO) received
2023/07/25 21:45:51 [notice] 1#1: signal 17 (SIGCHLD) received from 38
2023/07/25 21:45:51 [notice] 1#1: worker process 38 exited with code 0
2023/07/25 21:45:51 [notice] 1#1: signal 29 (SIGIO) received
2023/07/25 21:45:51 [notice] 1#1: signal 17 (SIGCHLD) received from 32
2023/07/25 21:45:51 [notice] 1#1: worker process 32 exited with code 0
2023/07/25 21:45:51 [notice] 1#1: worker process 42 exited with code 0
2023/07/25 21:45:51 [notice] 1#1: signal 29 (SIGIO) received
2023/07/25 21:45:51 [notice] 1#1: signal 17 (SIGCHLD) received from 31
2023/07/25 21:45:51 [notice] 1#1: worker process 31 exited with code 0
2023/07/25 21:45:51 [notice] 1#1: signal 29 (SIGIO) received
2023/07/25 21:45:51 [notice] 1#1: signal 17 (SIGCHLD) received from 41
2023/07/25 21:45:51 [notice] 1#1: worker process 41 exited with code 0
2023/07/25 21:45:51 [notice] 1#1: signal 29 (SIGIO) received
2023/07/25 21:45:51 [notice] 1#1: signal 17 (SIGCHLD) received from 33
2023/07/25 21:45:51 [notice] 1#1: worker process 33 exited with code 0
2023/07/25 21:45:51 [notice] 1#1: signal 29 (SIGIO) received
2023/07/25 21:45:51 [notice] 1#1: signal 17 (SIGCHLD) received from 43
2023/07/25 21:45:51 [notice] 1#1: worker process 43 exited with code 0
2023/07/25 21:45:51 [notice] 1#1: signal 29 (SIGIO) received
2023/07/25 21:45:51 [notice] 1#1: signal 17 (SIGCHLD) received from 40
2023/07/25 21:45:51 [notice] 1#1: worker process 40 exited with code 0
2023/07/25 21:45:51 [notice] 1#1: signal 29 (SIGIO) received
2023/07/25 21:45:51 [notice] 1#1: signal 17 (SIGCHLD) received from 28
2023/07/25 21:45:51 [notice] 1#1: worker process 28 exited with code 0
2023/07/25 21:45:51 [notice] 1#1: signal 29 (SIGIO) received
2023/07/25 21:45:51 [notice] 1#1: signal 17 (SIGCHLD) received from 30
2023/07/25 21:45:51 [notice] 1#1: worker process 30 exited with code 0
2023/07/25 21:45:51 [notice] 1#1: signal 29 (SIGIO) received
2023/07/25 21:45:51 [notice] 1#1: signal 17 (SIGCHLD) received from 39
2023/07/25 21:45:51 [notice] 1#1: worker process 39 exited with code 0
2023/07/25 21:45:51 [notice] 1#1: signal 29 (SIGIO) received
2023/07/25 21:45:51 [notice] 1#1: signal 17 (SIGCHLD) received from 35
2023/07/25 21:45:51 [notice] 1#1: worker process 35 exited with code 0
2023/07/25 21:45:51 [notice] 1#1: signal 29 (SIGIO) received
2023/07/25 21:45:51 [notice] 1#1: signal 17 (SIGCHLD) received from 36
2023/07/25 21:45:51 [notice] 1#1: worker process 36 exited with code 0
2023/07/25 21:45:51 [notice] 1#1: signal 29 (SIGIO) received
2023/07/25 21:45:51 [notice] 1#1: signal 17 (SIGCHLD) received from 34
2023/07/25 21:45:51 [notice] 1#1: worker process 34 exited with code 0
2023/07/25 21:45:51 [notice] 1#1: exit
2023/07/25 21:45:57 [emerg] 1#1: "worker_processes" directive is not allowed here in /etc/nginx/conf.d/default.conf:1
2023/07/25 21:47:31 [emerg] 1#1: "http" directive is not allowed here in /etc/nginx/conf.d/default.conf:2
2023/07/25 21:52:12 [emerg] 1#1: unknown log format "main" in /etc/nginx/nginx.conf:20
2023/07/25 21:53:04 [emerg] 1#1: upstream "rdio-scanner" may not have port 3000 in /etc/nginx/nginx.conf:28
2023/07/25 21:55:12 [emerg] 1#1: no "events" section in configuration
2023/07/25 21:56:47 [notice] 1#1: using the "epoll" event method
2023/07/25 21:56:47 [notice] 1#1: nginx/1.25.1
2023/07/25 21:56:47 [notice] 1#1: built by gcc 12.2.0 (Debian 12.2.0-14) 
2023/07/25 21:56:47 [notice] 1#1: OS: Linux 5.19.0-46-generic
2023/07/25 21:56:47 [notice] 1#1: getrlimit(RLIMIT_NOFILE): 1048576:1048576
2023/07/25 21:56:47 [notice] 1#1: start worker processes
2023/07/25 21:56:47 [notice] 1#1: start worker process 22
2023/07/25 21:56:47 [notice] 1#1: start worker process 23
2023/07/25 21:56:47 [notice] 1#1: start worker process 24
2023/07/25 21:56:47 [notice] 1#1: start worker process 25
2023/07/25 21:56:47 [notice] 1#1: start worker process 26
2023/07/25 21:56:47 [notice] 1#1: start worker process 27
2023/07/25 21:56:47 [notice] 1#1: start worker process 28
2023/07/25 21:56:47 [notice] 1#1: start worker process 29
2023/07/25 21:56:47 [notice] 1#1: start worker process 30
2023/07/25 21:56:47 [notice] 1#1: start worker process 31
2023/07/25 21:56:47 [notice] 1#1: start worker process 32
2023/07/25 21:56:47 [notice] 1#1: start worker process 33
2023/07/25 21:56:47 [notice] 1#1: start worker process 34
2023/07/25 21:56:47 [notice] 1#1: start worker process 35
2023/07/25 21:56:47 [notice] 1#1: start worker process 36
2023/07/25 21:56:47 [notice] 1#1: start worker process 37
2023/07/25 21:57:11 [error] 23#23: *1 the rewritten URI has a zero length, client: 192.168.86.49, server: _, request: "GET /scanner/ HTTP/1.1", host: "sparrow.lan:8080"
2023/07/25 21:58:01 [notice] 1#1: signal 3 (SIGQUIT) received, shutting down
2023/07/25 21:58:01 [notice] 23#23: gracefully shutting down
2023/07/25 21:58:01 [notice] 24#24: gracefully shutting down
2023/07/25 21:58:01 [notice] 29#29: gracefully shutting down
2023/07/25 21:58:01 [notice] 25#25: gracefully shutting down
2023/07/25 21:58:01 [notice] 22#22: gracefully shutting down
2023/07/25 21:58:01 [notice] 28#28: gracefully shutting down
2023/07/25 21:58:01 [notice] 30#30: gracefully shutting down
2023/07/25 21:58:01 [notice] 26#26: gracefully shutting down
2023/07/25 21:58:01 [notice] 23#23: exiting
2023/07/25 21:58:01 [notice] 29#29: exiting
2023/07/25 21:58:01 [notice] 31#31: gracefully shutting down
2023/07/25 21:58:01 [notice] 34#34: gracefully shutting down
2023/07/25 21:58:01 [notice] 35#35: gracefully shutting down
2023/07/25 21:58:01 [notice] 25#25: exiting
2023/07/25 21:58:01 [notice] 22#22: exiting
2023/07/25 21:58:01 [notice] 37#37: gracefully shutting down
2023/07/25 21:58:01 [notice] 36#36: gracefully shutting down
2023/07/25 21:58:01 [notice] 27#27: gracefully shutting down
2023/07/25 21:58:01 [notice] 28#28: exiting
2023/07/25 21:58:01 [notice] 30#30: exiting
2023/07/25 21:58:01 [notice] 26#26: exiting
2023/07/25 21:58:01 [notice] 31#31: exiting
2023/07/25 21:58:01 [notice] 34#34: exiting
2023/07/25 21:58:01 [notice] 35#35: exiting
2023/07/25 21:58:01 [notice] 23#23: exit
2023/07/25 21:58:01 [notice] 29#29: exit
2023/07/25 21:58:01 [notice] 37#37: exiting
2023/07/25 21:58:01 [notice] 27#27: exiting
2023/07/25 21:58:01 [notice] 36#36: exiting
2023/07/25 21:58:01 [notice] 22#22: exit
2023/07/25 21:58:01 [notice] 25#25: exit
2023/07/25 21:58:01 [notice] 35#35: exit
2023/07/25 21:58:01 [notice] 28#28: exit
2023/07/25 21:58:01 [notice] 34#34: exit
2023/07/25 21:58:01 [notice] 31#31: exit
2023/07/25 21:58:01 [notice] 30#30: exit
2023/07/25 21:58:01 [notice] 26#26: exit
2023/07/25 21:58:01 [notice] 37#37: exit
2023/07/25 21:58:01 [notice] 27#27: exit
2023/07/25 21:58:01 [notice] 36#36: exit
2023/07/25 21:58:01 [notice] 33#33: gracefully shutting down
2023/07/25 21:58:01 [notice] 32#32: gracefully shutting down
2023/07/25 21:58:01 [notice] 33#33: exiting
2023/07/25 21:58:01 [notice] 32#32: exiting
2023/07/25 21:58:01 [notice] 33#33: exit
2023/07/25 21:58:01 [notice] 32#32: exit
2023/07/25 21:58:01 [notice] 1#1: signal 17 (SIGCHLD) received from 30
2023/07/25 21:58:01 [notice] 1#1: worker process 25 exited with code 0
2023/07/25 21:58:01 [notice] 1#1: worker process 30 exited with code 0
2023/07/25 21:58:01 [notice] 1#1: worker process 34 exited with code 0
2023/07/25 21:58:01 [notice] 1#1: signal 29 (SIGIO) received
2023/07/25 21:58:01 [notice] 1#1: signal 17 (SIGCHLD) received from 25
2023/07/25 21:58:01 [notice] 1#1: signal 17 (SIGCHLD) received from 23
2023/07/25 21:58:01 [notice] 1#1: worker process 23 exited with code 0
2023/07/25 21:58:01 [notice] 1#1: worker process 32 exited with code 0
2023/07/25 21:58:01 [notice] 1#1: signal 29 (SIGIO) received
2023/07/25 21:58:01 [notice] 1#1: signal 17 (SIGCHLD) received from 32
2023/07/25 21:58:01 [notice] 1#1: worker process 22 exited with code 0
2023/07/25 21:58:01 [notice] 1#1: signal 29 (SIGIO) received
2023/07/25 21:58:01 [notice] 1#1: signal 17 (SIGCHLD) received from 35
2023/07/25 21:58:01 [notice] 1#1: worker process 35 exited with code 0
2023/07/25 21:58:01 [notice] 1#1: signal 29 (SIGIO) received
2023/07/25 21:58:01 [notice] 1#1: signal 17 (SIGCHLD) received from 29
2023/07/25 21:58:01 [notice] 1#1: worker process 29 exited with code 0
2023/07/25 21:58:01 [notice] 1#1: signal 29 (SIGIO) received
2023/07/25 21:58:01 [notice] 1#1: signal 17 (SIGCHLD) received from 33
2023/07/25 21:58:01 [notice] 1#1: worker process 33 exited with code 0
2023/07/25 21:58:01 [notice] 1#1: signal 29 (SIGIO) received
2023/07/25 21:58:01 [notice] 1#1: signal 17 (SIGCHLD) received from 28
2023/07/25 21:58:01 [notice] 1#1: worker process 28 exited with code 0
2023/07/25 21:58:01 [notice] 1#1: worker process 37 exited with code 0
2023/07/25 21:58:01 [notice] 1#1: signal 29 (SIGIO) received
2023/07/25 21:58:01 [notice] 1#1: signal 17 (SIGCHLD) received from 26
2023/07/25 21:58:01 [notice] 1#1: worker process 26 exited with code 0
2023/07/25 21:58:01 [notice] 1#1: signal 29 (SIGIO) received
2023/07/25 21:58:01 [notice] 1#1: signal 17 (SIGCHLD) received from 27
2023/07/25 21:58:01 [notice] 1#1: worker process 27 exited with code 0
2023/07/25 21:58:01 [notice] 1#1: worker process 36 exited with code 0
2023/07/25 21:58:01 [notice] 1#1: signal 29 (SIGIO) received
2023/07/25 21:58:01 [notice] 1#1: signal 17 (SIGCHLD) received from 36
2023/07/25 21:58:02 [notice] 1#1: signal 17 (SIGCHLD) received from 31
2023/07/25 21:58:02 [notice] 1#1: worker process 31 exited with code 0
2023/07/25 21:58:02 [notice] 1#1: signal 29 (SIGIO) received
2023/07/25 21:58:54 [notice] 1#1: using the "epoll" event method
2023/07/25 21:58:54 [notice] 1#1: nginx/1.25.1
2023/07/25 21:58:54 [notice] 1#1: built by gcc 12.2.0 (Debian 12.2.0-14) 
2023/07/25 21:58:54 [notice] 1#1: OS: Linux 5.19.0-46-generic
2023/07/25 21:58:54 [notice] 1#1: getrlimit(RLIMIT_NOFILE): 1048576:1048576
2023/07/25 21:58:54 [notice] 1#1: start worker processes
2023/07/25 21:58:54 [notice] 1#1: start worker process 22
2023/07/25 21:58:54 [notice] 1#1: start worker process 23
2023/07/25 21:58:54 [notice] 1#1: start worker process 24
2023/07/25 21:58:54 [notice] 1#1: start worker process 25
2023/07/25 21:58:54 [notice] 1#1: start worker process 26
2023/07/25 21:58:54 [notice] 1#1: start worker process 27
2023/07/25 21:58:54 [notice] 1#1: start worker process 28
2023/07/25 21:58:54 [notice] 1#1: start worker process 29
2023/07/25 21:58:54 [notice] 1#1: start worker process 30
2023/07/25 21:58:54 [notice] 1#1: start worker process 31
2023/07/25 21:58:54 [notice] 1#1: start worker process 32
2023/07/25 21:58:54 [notice] 1#1: start worker process 33
2023/07/25 21:58:54 [notice] 1#1: start worker process 34
2023/07/25 21:58:54 [notice] 1#1: start worker process 35
2023/07/25 21:58:54 [notice] 1#1: start worker process 36
2023/07/25 21:58:54 [notice] 1#1: start worker process 37
2023/07/25 21:59:07 [warn] 23#23: *2 an upstream response is buffered to a temporary file /var/cache/nginx/proxy_temp/1/00/0000000001 while reading upstream, client: 192.168.86.49, server: _, request: "GET /scanner/main.be3cde93dccb84d2.js HTTP/1.1", upstream: "http://192.168.86.34:3000/main.be3cde93dccb84d2.js", host: "sparrow.lan:8080", referrer: "http://sparrow.lan:8080/scanner/"
2023/07/26 00:30:17 [notice] 1#1: signal 3 (SIGQUIT) received, shutting down
2023/07/26 00:30:17 [notice] 22#22: gracefully shutting down
2023/07/26 00:30:17 [notice] 24#24: gracefully shutting down
2023/07/26 00:30:17 [notice] 23#23: gracefully shutting down
2023/07/26 00:30:17 [notice] 24#24: exiting
2023/07/26 00:30:17 [notice] 25#25: gracefully shutting down
2023/07/26 00:30:17 [notice] 26#26: gracefully shutting down
2023/07/26 00:30:17 [notice] 27#27: gracefully shutting down
2023/07/26 00:30:17 [notice] 22#22: exiting
2023/07/26 00:30:17 [notice] 28#28: gracefully shutting down
2023/07/26 00:30:17 [notice] 29#29: gracefully shutting down
2023/07/26 00:30:17 [notice] 23#23: exiting
2023/07/26 00:30:17 [notice] 30#30: gracefully shutting down
2023/07/26 00:30:17 [notice] 25#25: exiting
2023/07/26 00:30:17 [notice] 36#36: gracefully shutting down
2023/07/26 00:30:17 [notice] 27#27: exiting
2023/07/26 00:30:17 [notice] 37#37: gracefully shutting down
2023/07/26 00:30:17 [notice] 24#24: exit
2023/07/26 00:30:17 [notice] 28#28: exiting
2023/07/26 00:30:17 [notice] 29#29: exiting
2023/07/26 00:30:17 [notice] 30#30: exiting
2023/07/26 00:30:17 [notice] 22#22: exit
2023/07/26 00:30:17 [notice] 36#36: exiting
2023/07/26 00:30:17 [notice] 35#35: gracefully shutting down
2023/07/26 00:30:17 [notice] 23#23: exit
2023/07/26 00:30:17 [notice] 37#37: exiting
2023/07/26 00:30:17 [notice] 25#25: exit
2023/07/26 00:30:17 [notice] 35#35: exiting
2023/07/26 00:30:17 [notice] 27#27: exit
2023/07/26 00:30:17 [notice] 30#30: exit
2023/07/26 00:30:17 [notice] 29#29: exit
2023/07/26 00:30:17 [notice] 36#36: exit
2023/07/26 00:30:17 [notice] 28#28: exit
2023/07/26 00:30:17 [notice] 37#37: exit
2023/07/26 00:30:17 [notice] 35#35: exit
2023/07/26 00:30:17 [notice] 31#31: gracefully shutting down
2023/07/26 00:30:17 [notice] 31#31: exiting
2023/07/26 00:30:17 [notice] 32#32: gracefully shutting down
2023/07/26 00:30:17 [notice] 31#31: exit
2023/07/26 00:30:17 [notice] 33#33: gracefully shutting down
2023/07/26 00:30:17 [notice] 34#34: gracefully shutting down
2023/07/26 00:30:17 [notice] 32#32: exiting
2023/07/26 00:30:17 [notice] 33#33: exiting
2023/07/26 00:30:17 [notice] 34#34: exiting
2023/07/26 00:30:17 [notice] 32#32: exit
2023/07/26 00:30:17 [notice] 33#33: exit
2023/07/26 00:30:17 [notice] 34#34: exit
2023/07/26 00:30:17 [notice] 1#1: signal 17 (SIGCHLD) received from 35
2023/07/26 00:30:17 [notice] 1#1: worker process 35 exited with code 0
2023/07/26 00:30:17 [notice] 1#1: signal 29 (SIGIO) received
2023/07/26 00:30:17 [notice] 1#1: signal 17 (SIGCHLD) received from 36
2023/07/26 00:30:17 [notice] 1#1: worker process 36 exited with code 0
2023/07/26 00:30:17 [notice] 1#1: signal 29 (SIGIO) received
2023/07/26 00:30:17 [notice] 1#1: signal 17 (SIGCHLD) received from 31
2023/07/26 00:30:17 [notice] 1#1: worker process 31 exited with code 0
2023/07/26 00:30:17 [notice] 1#1: worker process 37 exited with code 0
2023/07/26 00:30:17 [notice] 1#1: signal 29 (SIGIO) received
2023/07/26 00:30:17 [notice] 1#1: signal 17 (SIGCHLD) received from 33
2023/07/26 00:30:17 [notice] 1#1: worker process 33 exited with code 0
2023/07/26 00:30:17 [notice] 1#1: worker process 34 exited with code 0
2023/07/26 00:30:17 [notice] 1#1: signal 29 (SIGIO) received
2023/07/26 00:30:17 [notice] 1#1: signal 17 (SIGCHLD) received from 28
2023/07/26 00:30:17 [notice] 1#1: worker process 28 exited with code 0
2023/07/26 00:30:17 [notice] 1#1: signal 29 (SIGIO) received
2023/07/26 00:30:17 [notice] 1#1: signal 17 (SIGCHLD) received from 22
2023/07/26 00:30:17 [notice] 1#1: worker process 22 exited with code 0
2023/07/26 00:30:17 [notice] 1#1: signal 29 (SIGIO) received
2023/07/26 00:30:17 [notice] 1#1: signal 17 (SIGCHLD) received from 25
2023/07/26 00:30:17 [notice] 1#1: worker process 25 exited with code 0
2023/07/26 00:30:17 [notice] 1#1: signal 29 (SIGIO) received
2023/07/26 00:30:17 [notice] 1#1: signal 17 (SIGCHLD) received from 30
2023/07/26 00:30:17 [notice] 1#1: worker process 30 exited with code 0
2023/07/26 00:30:17 [notice] 1#1: signal 29 (SIGIO) received
2023/07/26 00:30:17 [notice] 1#1: signal 17 (SIGCHLD) received from 27
2023/07/26 00:30:17 [notice] 1#1: worker process 27 exited with code 0
2023/07/26 00:30:17 [notice] 1#1: signal 29 (SIGIO) received
2023/07/26 00:30:17 [notice] 1#1: signal 17 (SIGCHLD) received from 23
2023/07/26 00:30:17 [notice] 1#1: worker process 23 exited with code 0
2023/07/26 00:30:17 [notice] 1#1: signal 29 (SIGIO) received
2023/07/26 00:30:17 [notice] 1#1: signal 17 (SIGCHLD) received from 24
2023/07/26 00:30:17 [notice] 1#1: worker process 24 exited with code 0
2023/07/26 00:30:17 [notice] 1#1: worker process 32 exited with code 0
2023/07/26 00:30:17 [notice] 1#1: signal 29 (SIGIO) received
2023/07/26 00:30:17 [notice] 1#1: signal 17 (SIGCHLD) received from 32
2023/07/26 00:30:17 [notice] 1#1: signal 17 (SIGCHLD) received from 29
2023/07/26 00:30:17 [notice] 1#1: worker process 29 exited with code 0
2023/07/26 00:30:17 [notice] 1#1: signal 29 (SIGIO) received
2023/07/26 00:32:48 [notice] 1#1: using the "epoll" event method
2023/07/26 00:32:48 [notice] 1#1: nginx/1.25.1
2023/07/26 00:32:48 [notice] 1#1: built by gcc 12.2.0 (Debian 12.2.0-14) 
2023/07/26 00:32:48 [notice] 1#1: OS: Linux 5.19.0-46-generic
2023/07/26 00:32:48 [notice] 1#1: getrlimit(RLIMIT_NOFILE): 1048576:1048576
2023/07/26 00:32:48 [notice] 1#1: start worker processes
2023/07/26 00:32:48 [notice] 1#1: start worker process 29
2023/07/26 00:32:48 [notice] 1#1: start worker process 30
2023/07/26 00:32:48 [notice] 1#1: start worker process 31
2023/07/26 00:32:48 [notice] 1#1: start worker process 32
2023/07/26 00:32:48 [notice] 1#1: start worker process 33
2023/07/26 00:32:48 [notice] 1#1: start worker process 34
2023/07/26 00:32:48 [notice] 1#1: start worker process 35
2023/07/26 00:32:48 [notice] 1#1: start worker process 36
2023/07/26 00:32:48 [notice] 1#1: start worker process 37
2023/07/26 00:32:48 [notice] 1#1: start worker process 38
2023/07/26 00:32:48 [notice] 1#1: start worker process 39
2023/07/26 00:32:48 [notice] 1#1: start worker process 40
2023/07/26 00:32:48 [notice] 1#1: start worker process 41
2023/07/26 00:32:48 [notice] 1#1: start worker process 42
2023/07/26 00:32:48 [notice] 1#1: start worker process 43
2023/07/26 00:32:48 [notice] 1#1: start worker process 44
2023/08/03 03:52:40 [notice] 1#1: signal 3 (SIGQUIT) received, shutting down
2023/08/03 03:52:40 [notice] 29#29: gracefully shutting down
2023/08/03 03:52:40 [notice] 31#31: gracefully shutting down
2023/08/03 03:52:40 [notice] 33#33: gracefully shutting down
2023/08/03 03:52:40 [notice] 43#43: gracefully shutting down
2023/08/03 03:52:40 [notice] 29#29: exiting
2023/08/03 03:52:40 [notice] 31#31: exiting
2023/08/03 03:52:40 [notice] 33#33: exiting
2023/08/03 03:52:40 [notice] 43#43: exiting
2023/08/03 03:52:40 [notice] 29#29: exit
2023/08/03 03:52:40 [notice] 31#31: exit
2023/08/03 03:52:40 [notice] 43#43: exit
2023/08/03 03:52:40 [notice] 33#33: exit
2023/08/03 03:52:40 [notice] 36#36: gracefully shutting down
2023/08/03 03:52:40 [notice] 42#42: gracefully shutting down
2023/08/03 03:52:40 [notice] 42#42: exiting
2023/08/03 03:52:40 [notice] 42#42: exit
2023/08/03 03:52:40 [notice] 36#36: exiting
2023/08/03 03:52:40 [notice] 36#36: exit
2023/08/03 03:52:40 [notice] 40#40: gracefully shutting down
2023/08/03 03:52:40 [notice] 40#40: exiting
2023/08/03 03:52:40 [notice] 44#44: gracefully shutting down
2023/08/03 03:52:40 [notice] 44#44: exiting
2023/08/03 03:52:40 [notice] 40#40: exit
2023/08/03 03:52:40 [notice] 44#44: exit
2023/08/03 03:52:40 [notice] 35#35: gracefully shutting down
2023/08/03 03:52:40 [notice] 35#35: exiting
2023/08/03 03:52:40 [notice] 35#35: exit
2023/08/03 03:52:40 [notice] 34#34: gracefully shutting down
2023/08/03 03:52:40 [notice] 41#41: gracefully shutting down
2023/08/03 03:52:40 [notice] 39#39: gracefully shutting down
2023/08/03 03:52:40 [notice] 34#34: exiting
2023/08/03 03:52:40 [notice] 39#39: exiting
2023/08/03 03:52:40 [notice] 39#39: exit
2023/08/03 03:52:40 [notice] 34#34: exit
2023/08/03 03:52:40 [notice] 41#41: exiting
2023/08/03 03:52:40 [notice] 41#41: exit
2023/08/03 03:52:40 [notice] 37#37: gracefully shutting down
2023/08/03 03:52:40 [notice] 30#30: gracefully shutting down
2023/08/03 03:52:40 [notice] 37#37: exiting
2023/08/03 03:52:40 [notice] 30#30: exiting
2023/08/03 03:52:40 [notice] 37#37: exit
2023/08/03 03:52:40 [notice] 30#30: exit
2023/08/03 03:52:40 [notice] 38#38: gracefully shutting down
2023/08/03 03:52:40 [notice] 32#32: gracefully shutting down
2023/08/03 03:52:40 [notice] 38#38: exiting
2023/08/03 03:52:40 [notice] 32#32: exiting
2023/08/03 03:52:40 [notice] 38#38: exit
2023/08/03 03:52:40 [notice] 32#32: exit
2023/08/03 03:52:40 [notice] 1#1: signal 17 (SIGCHLD) received from 43
2023/08/03 03:52:40 [notice] 1#1: worker process 43 exited with code 0
2023/08/03 03:52:40 [notice] 1#1: signal 29 (SIGIO) received
2023/08/03 03:52:40 [notice] 1#1: signal 17 (SIGCHLD) received from 31
2023/08/03 03:52:40 [notice] 1#1: worker process 31 exited with code 0
2023/08/03 03:52:40 [notice] 1#1: worker process 33 exited with code 0
2023/08/03 03:52:40 [notice] 1#1: worker process 40 exited with code 0
2023/08/03 03:52:40 [notice] 1#1: signal 29 (SIGIO) received
2023/08/03 03:52:40 [notice] 1#1: signal 17 (SIGCHLD) received from 44
2023/08/03 03:52:40 [notice] 1#1: worker process 44 exited with code 0
2023/08/03 03:52:40 [notice] 1#1: signal 29 (SIGIO) received
2023/08/03 03:52:40 [notice] 1#1: signal 17 (SIGCHLD) received from 34
2023/08/03 03:52:40 [notice] 1#1: worker process 34 exited with code 0
2023/08/03 03:52:40 [notice] 1#1: signal 29 (SIGIO) received
2023/08/03 03:52:40 [notice] 1#1: signal 17 (SIGCHLD) received from 29
2023/08/03 03:52:40 [notice] 1#1: worker process 29 exited with code 0
2023/08/03 03:52:40 [notice] 1#1: signal 29 (SIGIO) received
2023/08/03 03:52:40 [notice] 1#1: signal 17 (SIGCHLD) received from 35
2023/08/03 03:52:40 [notice] 1#1: worker process 35 exited with code 0
2023/08/03 03:52:40 [notice] 1#1: signal 29 (SIGIO) received
2023/08/03 03:52:40 [notice] 1#1: signal 17 (SIGCHLD) received from 36
2023/08/03 03:52:40 [notice] 1#1: worker process 36 exited with code 0
2023/08/03 03:52:40 [notice] 1#1: signal 29 (SIGIO) received
2023/08/03 03:52:40 [notice] 1#1: signal 17 (SIGCHLD) received from 30
2023/08/03 03:52:40 [notice] 1#1: worker process 30 exited with code 0
2023/08/03 03:52:40 [notice] 1#1: worker process 38 exited with code 0
2023/08/03 03:52:40 [notice] 1#1: worker process 42 exited with code 0
2023/08/03 03:52:40 [notice] 1#1: signal 29 (SIGIO) received
2023/08/03 03:52:40 [notice] 1#1: signal 17 (SIGCHLD) received from 41
2023/08/03 03:52:40 [notice] 1#1: worker process 41 exited with code 0
2023/08/03 03:52:40 [notice] 1#1: signal 29 (SIGIO) received
2023/08/03 03:52:40 [notice] 1#1: signal 17 (SIGCHLD) received from 39
2023/08/03 03:52:40 [notice] 1#1: worker process 32 exited with code 0
2023/08/03 03:52:40 [notice] 1#1: worker process 39 exited with code 0
2023/08/03 03:52:40 [notice] 1#1: signal 29 (SIGIO) received
2023/08/03 03:52:40 [notice] 1#1: signal 17 (SIGCHLD) received from 37
2023/08/03 03:52:40 [notice] 1#1: worker process 37 exited with code 0
2023/08/03 03:52:40 [notice] 1#1: exit
